<?xml version="1.0" encoding="UTF-8"?>
<testng-results ignored="0" total="1" passed="0" failed="1" skipped="0">
  <reporter-output>
  </reporter-output>
  <suite started-at="2023-08-24T07:54:48 GMT" name="Default suite" finished-at="2023-08-24T07:55:00 GMT" duration-ms="11921">
    <groups>
      <group name="cucumber">
        <method signature="AbstractTestNGCucumberTests.runScenario(io.cucumber.testng.PickleWrapper, io.cucumber.testng.FeatureWrapper)[pri:0, instance:runners.MyTestRunner@5d7148e2]" name="runScenario" class="io.cucumber.testng.AbstractTestNGCucumberTests"/>
      </group> <!-- cucumber -->
    </groups>
    <test started-at="2023-08-24T07:54:48 GMT" name="Default test" finished-at="2023-08-24T07:55:00 GMT" duration-ms="11921">
      <class name="runners.MyTestRunner">
        <test-method is-config="true" signature="setUpClass(org.testng.ITestContext)[pri:0, instance:runners.MyTestRunner@5d7148e2]" started-at="2023-08-24T07:54:48 GMT" name="setUpClass" finished-at="2023-08-24T07:54:50 GMT" duration-ms="1597" status="PASS">
          <params>
            <param index="0">
              <value>
                <![CDATA[org.testng.TestRunner@2b01c689]]>
              </value>
            </param>
          </params>
          <reporter-output>
          </reporter-output>
        </test-method> <!-- setUpClass -->
        <test-method signature="runScenario(io.cucumber.testng.PickleWrapper, io.cucumber.testng.FeatureWrapper)[pri:0, instance:runners.MyTestRunner@5d7148e2]" started-at="2023-08-24T07:54:50 GMT" name="runScenario" description="Runs Cucumber Scenarios" data-provider="scenarios" finished-at="2023-08-24T07:54:58 GMT" duration-ms="8159" status="FAIL">
          <params>
            <param index="0">
              <value>
                <![CDATA["Search Java Tutorial"]]>
              </value>
            </param>
            <param index="1">
              <value>
                <![CDATA["Google Page Search function"]]>
              </value>
            </param>
          </params>
          <exception class="java.lang.AssertionError">
            <message>
              <![CDATA[expected [Java Tutorial - Google Search Page] but found [Java Tutorial - Google Search]]]>
            </message>
            <full-stacktrace>
              <![CDATA[java.lang.AssertionError: expected [Java Tutorial - Google Search Page] but found [Java Tutorial - Google Search]
at org.testng.Assert.fail(Assert.java:99)
at org.testng.Assert.failNotEquals(Assert.java:1037)
at org.testng.Assert.assertEqualsImpl(Assert.java:140)
at org.testng.Assert.assertEquals(Assert.java:122)
at org.testng.Assert.assertEquals(Assert.java:629)
at org.testng.Assert.assertEquals(Assert.java:639)
at stepDefs.GooglePageStepDef.should_display_java_result_page(GooglePageStepDef.java:43)
at âœ½.Should display Java result page(file:///C:/Users/Administrator/eclipse-workspace/BDDSamples/src/test/resources/features/GooglePageSearch.feature:6)
]]>
            </full-stacktrace>
          </exception> <!-- java.lang.AssertionError -->
          <reporter-output>
          </reporter-output>
        </test-method> <!-- runScenario -->
        <test-method is-config="true" signature="tearDownClass()[pri:0, instance:runners.MyTestRunner@5d7148e2]" started-at="2023-08-24T07:54:58 GMT" name="tearDownClass" finished-at="2023-08-24T07:55:00 GMT" duration-ms="2114" status="PASS">
          <reporter-output>
          </reporter-output>
        </test-method> <!-- tearDownClass -->
      </class> <!-- runners.MyTestRunner -->
    </test> <!-- Default test -->
  </suite> <!-- Default suite -->
</testng-results>
